<?xml version="1.0" encoding="UTF-8"?>
<!-- Generated by org.testng.reporters.JUnitXMLReporter -->
<testsuite ignored="1" hostname="Brandons-MacBook-Pro.local" failures="0" tests="2" name="SmokeTest_Execution" time="9.276" errors="0" timestamp="2023-06-20T12:22:16 AST">
  <testcase classname="api_tests.TestNgDemo" name="uiTestDemo" time="9.233"/>
  <testcase classname="api_tests.TestNgDemo" name="assertionDemo" time="0.002"/>
  <testcase classname="api_tests.TestNgDemo" name="softAssertDemo" time="0.0">
    <ignored/>
  </testcase> <!-- softAssertDemo -->
</testsuite> <!-- SmokeTest_Execution -->
