<?xml version="1.0" encoding="UTF-8"?>
<!-- Generated by org.testng.reporters.JUnitXMLReporter -->
<testsuite ignored="0" hostname="Brandons-MacBook-Pro.local" failures="0" tests="5" name="Default test" time="6.766" errors="0" timestamp="2023-06-26T13:34:10 AST">
  <testcase classname="api_tests.CraterItems" name="login" time="2.543"/>
  <testcase classname="api_tests.CraterItems" name="createItem" time="1.007"/>
  <testcase classname="api_tests.CraterItems" name="getItem" time="0.971"/>
  <testcase classname="api_tests.CraterItems" name="updateItem" time="0.922"/>
  <testcase classname="api_tests.CraterItems" name="deleteItem" time="0.393"/>
</testsuite> <!-- Default test -->
