<?xml version="1.0" encoding="UTF-8"?>
<!-- Generated by org.testng.reporters.JUnitXMLReporter -->
<testsuite ignored="0" hostname="Brandons-MacBook-Pro.local" failures="0" tests="3" name="SmokeTest Execution" time="10.162" errors="0" timestamp="2023-06-20T12:09:42 AST">
  <testcase classname="api_tests.TestNgDemo" name="uiTestDemo" time="10.091"/>
  <testcase classname="api_tests.TestNgDemo" name="assertionDemo" time="0.003"/>
  <testcase classname="api_tests.TestNgDemo" name="softAssertDemo" time="0.005"/>
</testsuite> <!-- SmokeTest Execution -->
