<?xml version="1.0" encoding="UTF-8" ?>
<testsuite tests="1" failures="0" name="runners.TestRunner" time="29.502" errors="1" skipped="0">
  <properties>
[...]
</properties>
  <testcase classname="Items Management" name="As a user, I am able to create an item or a service #2" time="29.502">
    <error message="Can&apos;t convert DataTable to List&lt;java.lang.String&gt;.
Please review these problems:

 - There was a table cell transformer for java.lang.String but the table was too wide to use it.
   Please reduce the table width to use this converter.

 - There was no table entry or table row transformer registered for java.lang.String.
   Please consider registering a table entry or row transformer.

Note: Usually solving one is enough" type="io.cucumber.datatable.UndefinedDataTableTypeException">io.cucumber.datatable.UndefinedDataTableTypeException: Can&apos;t convert DataTable to List&lt;java.lang.String&gt;.
Please review these problems:

 - There was a table cell transformer for java.lang.String but the table was too wide to use it.
   Please reduce the table width to use this converter.

 - There was no table entry or table row transformer registered for java.lang.String.
   Please consider registering a table entry or row transformer.

Note: Usually solving one is enough
	at io.cucumber.datatable.UndefinedDataTableTypeException.listNoConverterDefined(UndefinedDataTableTypeException.java:102)
	at io.cucumber.datatable.DataTableTypeRegistryTableConverter.toList(DataTableTypeRegistryTableConverter.java:144)
	at io.cucumber.datatable.DataTable.asList(DataTable.java:199)
	at io.cucumber.datatable.DataTable.asList(DataTable.java:187)
	at step_definitions.ItemsManagementSteps.i_provide_item_information_to_the_fields(ItemsManagementSteps.java:96)
	at ✽.I provide item information to the fields(file:///Users/brandonwells3/Desktop/PrimeTechWork/JavaWorkspace/MavenReview/src/test/resources/features/itemsManagement.feature:21)
</error>
    <system-out>
@regression @itemsTests @createItemWithDataTable @smoketest
Scenario: As a user, I am able to create an item or a service &amp;#27;[90m# src/test/resources/features/itemsManagement.feature:18&amp;#27;[0m
  &amp;#27;[32mGiven &amp;#27;[0m&amp;#27;[32mAs an entity user, I am logged in&amp;#27;[0m                     &amp;#27;[90m# step_definitions.ItemsManagementSteps.as_an_entity_user_i_am_logged_in()&amp;#27;[0m
  &amp;#27;[32mAnd &amp;#27;[0m&amp;#27;[32mI navigate to the Items tab&amp;#27;[0m                             &amp;#27;[90m# step_definitions.ItemsManagementSteps.i_navigate_to_the_items_tab()&amp;#27;[0m
  &amp;#27;[32mWhen &amp;#27;[0m&amp;#27;[32mI click on the Add Item button&amp;#27;[0m                         &amp;#27;[90m# step_definitions.ItemsManagementSteps.i_click_on_the_add_item_button()&amp;#27;[0m
  &amp;#27;[32mThen &amp;#27;[0m&amp;#27;[32mI should be on the item input page&amp;#27;[0m                     &amp;#27;[90m# step_definitions.ItemsManagementSteps.i_should_be_on_the_item_input_page()&amp;#27;[0m
  &amp;#27;[31mWhen &amp;#27;[0m&amp;#27;[31mI provide item information to the fields&amp;#27;[0m               &amp;#27;[90m# step_definitions.ItemsManagementSteps.i_provide_item_information_to_the_fields(io.cucumber.datatable.DataTable)&amp;#27;[0m
    | &quot;MacBook Pro&quot; | &quot;180000&quot; | &quot;box&quot; | &quot;a great thing&quot; |
      &amp;#27;[31mio.cucumber.datatable.UndefinedDataTableTypeException: Can&apos;t convert DataTable to List&lt;java.lang.String&gt;.
Please review these problems:

 - There was a table cell transformer for java.lang.String but the table was too wide to use it.
   Please reduce the table width to use this converter.

 - There was no table entry or table row transformer registered for java.lang.String.
   Please consider registering a table entry or row transformer.

Note: Usually solving one is enough
	at io.cucumber.datatable.UndefinedDataTableTypeException.listNoConverterDefined(UndefinedDataTableTypeException.java:102)
	at io.cucumber.datatable.DataTableTypeRegistryTableConverter.toList(DataTableTypeRegistryTableConverter.java:144)
	at io.cucumber.datatable.DataTable.asList(DataTable.java:199)
	at io.cucumber.datatable.DataTable.asList(DataTable.java:187)
	at step_definitions.ItemsManagementSteps.i_provide_item_information_to_the_fields(ItemsManagementSteps.java:96)
	at ✽.I provide item information to the fields(file:///Users/brandonwells3/Desktop/PrimeTechWork/JavaWorkspace/MavenReview/src/test/resources/features/itemsManagement.feature:21)
&amp;#27;[0m
  &amp;#27;[36mAnd &amp;#27;[0m&amp;#27;[36mI click the Save Item button&amp;#27;[0m                            &amp;#27;[90m# step_definitions.ItemsManagementSteps.i_click_the_save_item_button()&amp;#27;[0m
  &amp;#27;[36mThen &amp;#27;[0m&amp;#27;[36mThe Item is added to the Item list table&amp;#27;[0m               &amp;#27;[90m# step_definitions.ItemsManagementSteps.the_item_is_added_to_the_item_list_table()&amp;#27;[0m
</system-out>
    <system-err>Starting ChromeDriver 113.0.5672.63 (0e1a4471d5ae5bf128b1bd8f4d627c8cbd55f70c-refs/branch-heads/5672@{#912}) on port 47910
Only local connections are allowed.
Please see https://chromedriver.chromium.org/security-considerations for suggestions on keeping ChromeDriver safe.
ChromeDriver was started successfully.
Jun 04, 2023 3:31:25 PM org.openqa.selenium.remote.ProtocolHandshake createSession
INFO: Detected dialect: W3C
</system-err>
  </testcase>
</testsuite>