<?xml version="1.0" encoding="UTF-8"?>
<testng-results ignored="0" total="5" passed="5" failed="0" skipped="0">
  <reporter-output>
  </reporter-output>
  <suite started-at="2023-06-26T13:34:03 AST" name="Default suite" finished-at="2023-06-26T13:34:09 AST" duration-ms="6766">
    <groups>
    </groups>
    <test started-at="2023-06-26T13:34:03 AST" name="Default test" finished-at="2023-06-26T13:34:09 AST" duration-ms="6766">
      <class name="api_tests.CraterItems">
        <test-method is-config="true" signature="setup()[pri:0, instance:api_tests.CraterItems@4d465b11]" started-at="2023-06-26T13:34:03 AST" name="setup" finished-at="2023-06-26T13:34:04 AST" duration-ms="859" status="PASS">
          <reporter-output>
          </reporter-output>
        </test-method> <!-- setup -->
        <test-method signature="login()[pri:0, instance:api_tests.CraterItems@4d465b11]" started-at="2023-06-26T13:34:04 AST" name="login" finished-at="2023-06-26T13:34:06 AST" duration-ms="2543" status="PASS">
          <reporter-output>
          </reporter-output>
        </test-method> <!-- login -->
        <test-method signature="createItem()[pri:0, instance:api_tests.CraterItems@4d465b11]" started-at="2023-06-26T13:34:06 AST" name="createItem" finished-at="2023-06-26T13:34:07 AST" depends-on-methods="api_tests.CraterItems.login" duration-ms="1007" status="PASS">
          <reporter-output>
          </reporter-output>
        </test-method> <!-- createItem -->
        <test-method signature="getItem()[pri:0, instance:api_tests.CraterItems@4d465b11]" started-at="2023-06-26T13:34:07 AST" name="getItem" finished-at="2023-06-26T13:34:08 AST" depends-on-methods="api_tests.CraterItems.createItem" duration-ms="971" status="PASS">
          <reporter-output>
          </reporter-output>
        </test-method> <!-- getItem -->
        <test-method signature="updateItem()[pri:0, instance:api_tests.CraterItems@4d465b11]" started-at="2023-06-26T13:34:08 AST" name="updateItem" finished-at="2023-06-26T13:34:09 AST" depends-on-methods="api_tests.CraterItems.getItem" duration-ms="922" status="PASS">
          <reporter-output>
          </reporter-output>
        </test-method> <!-- updateItem -->
        <test-method signature="deleteItem()[pri:0, instance:api_tests.CraterItems@4d465b11]" started-at="2023-06-26T13:34:09 AST" name="deleteItem" finished-at="2023-06-26T13:34:09 AST" depends-on-methods="api_tests.CraterItems.updateItem" duration-ms="393" status="PASS">
          <reporter-output>
          </reporter-output>
        </test-method> <!-- deleteItem -->
      </class> <!-- api_tests.CraterItems -->
    </test> <!-- Default test -->
  </suite> <!-- Default suite -->
</testng-results>
